build/app/intermediates/manifest_merge_blame_file/debug/manifest-merger-blame-debug-report.txt
1<?xml version="1.0" encoding="utf-8"?>
2<manifest xmlns:android="http://schemas.android.com/apk/res/android"
3    package="com.example.dune"
4    android:versionCode="1"
5    android:versionName="1.0.0" >
6
7    <uses-sdk
8        android:minSdkVersion="21"
9        android:targetSdkVersion="29" />
10    <!--
11         Flutter needs it to communicate with the running application
12         to allow setting breakpoints, to provide hot reload, etc.
13    -->
14    <uses-permission android:name="android.permission.INTERNET" />
14-->src/main/AndroidManifest.xml:3:5-66
14-->src/main/AndroidManifest.xml:3:22-64
15    <uses-permission android:name="android.permission.SEND_SMS" />
15-->src/main/AndroidManifest.xml:4:5-67
15-->src/main/AndroidManifest.xml:4:22-64
16    <uses-permission android:name="android.permission.ACCESS_COARSE_LOCATION" />
16-->src/main/AndroidManifest.xml:5:5-81
16-->src/main/AndroidManifest.xml:5:22-78
17    <uses-permission android:name="android.permission.ACCESS_FINE_LOCATION" />
17-->src/main/AndroidManifest.xml:6:5-79
17-->src/main/AndroidManifest.xml:6:22-76
18    <uses-permission android:name="android.permission.ACCESS_BACKGROUND_LOCATION" />
18-->src/main/AndroidManifest.xml:7:5-85
18-->src/main/AndroidManifest.xml:7:22-82
19    <uses-permission android:name="android.permission.READ_EXTERNAL_STORAGE" />
19-->src/main/AndroidManifest.xml:8:5-80
19-->src/main/AndroidManifest.xml:8:22-77
20    <uses-permission android:name="android.permission.WRITE_EXTERNAL_STORAGE" />
20-->src/main/AndroidManifest.xml:9:5-81
20-->src/main/AndroidManifest.xml:9:22-78
21    <uses-permission android:name="android.permission.WAKE_LOCK" />
21-->[:firebase_messaging] AndroidManifest.xml:8:5-68
21-->[:firebase_messaging] AndroidManifest.xml:8:22-65
22    <uses-permission android:name="android.permission.ACCESS_NETWORK_STATE" />
22-->[:firebase_messaging] AndroidManifest.xml:9:5-79
22-->[:firebase_messaging] AndroidManifest.xml:9:22-76
23    <uses-permission
23-->[:alt_sms_autofill] AndroidManifest.xml:7:5-75
24        android:name="android.permission.READ_PHONE_STATE"
24-->[:alt_sms_autofill] AndroidManifest.xml:7:22-72
25        android:maxSdkVersion="29" />
25-->[:mobile_number] AndroidManifest.xml:11:9-35
26    <uses-permission android:name="android.permission.READ_PHONE_NUMBERS" />
26-->[:alt_sms_autofill] AndroidManifest.xml:8:5-77
26-->[:alt_sms_autofill] AndroidManifest.xml:8:22-74
27    <uses-permission android:name="android.permission.RECEIVE_SMS" />
27-->[:alt_sms_autofill] AndroidManifest.xml:9:5-70
27-->[:alt_sms_autofill] AndroidManifest.xml:9:22-67
28    <uses-permission android:name="android.permission.POST_NOTIFICATIONS" /> <!-- Required by older versions of Google Play services to create IID tokens -->
28-->[com.google.firebase:firebase-messaging:23.0.6] AndroidManifest.xml:26:5-77
28-->[com.google.firebase:firebase-messaging:23.0.6] AndroidManifest.xml:26:22-74
29    <uses-permission android:name="com.google.android.c2dm.permission.RECEIVE" />
29-->[com.google.firebase:firebase-messaging:23.0.6] AndroidManifest.xml:29:5-82
29-->[com.google.firebase:firebase-messaging:23.0.6] AndroidManifest.xml:29:22-79
30    <uses-permission android:name="com.google.android.gms.permission.AD_ID" />
30-->[com.google.android.gms:play-services-measurement-api:21.1.0] AndroidManifest.xml:25:5-79
30-->[com.google.android.gms:play-services-measurement-api:21.1.0] AndroidManifest.xml:25:22-76
31
32    <queries>
32-->[com.razorpay:checkout:1.6.19] AndroidManifest.xml:11:5-37:15
33        <intent>
33-->[com.razorpay:checkout:1.6.19] AndroidManifest.xml:12:9-18:18
34            <action android:name="android.intent.action.VIEW" />
34-->[com.google.firebase:firebase-auth:21.0.6] AndroidManifest.xml:34:17-69
34-->[com.google.firebase:firebase-auth:21.0.6] AndroidManifest.xml:34:25-66
35
36            <data
36-->[com.google.firebase:firebase-auth:21.0.6] AndroidManifest.xml:39:17-42:51
37                android:mimeType="*/*"
38                android:scheme="*" />
38-->[com.google.firebase:firebase-auth:21.0.6] AndroidManifest.xml:42:21-48
39        </intent>
40        <intent>
40-->[com.razorpay:checkout:1.6.19] AndroidManifest.xml:19:9-28:18
41            <action android:name="android.intent.action.VIEW" />
41-->[com.google.firebase:firebase-auth:21.0.6] AndroidManifest.xml:34:17-69
41-->[com.google.firebase:firebase-auth:21.0.6] AndroidManifest.xml:34:25-66
42
43            <category android:name="android.intent.category.BROWSABLE" />
43-->[com.google.firebase:firebase-auth:21.0.6] AndroidManifest.xml:37:17-78
43-->[com.google.firebase:firebase-auth:21.0.6] AndroidManifest.xml:37:27-75
44
45            <data
45-->[com.google.firebase:firebase-auth:21.0.6] AndroidManifest.xml:39:17-42:51
46                android:host="pay"
46-->[com.google.firebase:firebase-auth:21.0.6] AndroidManifest.xml:40:21-49
47                android:mimeType="*/*"
48                android:scheme="upi" />
48-->[com.google.firebase:firebase-auth:21.0.6] AndroidManifest.xml:42:21-48
49        </intent>
50        <intent>
50-->[com.razorpay:checkout:1.6.19] AndroidManifest.xml:29:9-31:18
51            <action android:name="android.intent.action.MAIN" />
51-->[com.razorpay:checkout:1.6.19] AndroidManifest.xml:30:13-65
51-->[com.razorpay:checkout:1.6.19] AndroidManifest.xml:30:21-62
52        </intent>
53        <intent>
53-->[com.razorpay:checkout:1.6.19] AndroidManifest.xml:32:9-36:18
54            <action android:name="android.intent.action.SEND" />
54-->[com.razorpay:checkout:1.6.19] AndroidManifest.xml:33:13-65
54-->[com.razorpay:checkout:1.6.19] AndroidManifest.xml:33:21-62
55
56            <data android:mimeType="*/*" />
56-->[com.google.firebase:firebase-auth:21.0.6] AndroidManifest.xml:39:17-42:51
57        </intent>
58        <!-- Needs to be explicitly declared on Android R+ -->
59        <package android:name="com.google.android.apps.maps" />
59-->[com.google.android.gms:play-services-maps:18.0.2] AndroidManifest.xml:33:9-64
59-->[com.google.android.gms:play-services-maps:18.0.2] AndroidManifest.xml:33:18-61
60    </queries>
61
62    <uses-feature
62-->[com.google.android.gms:play-services-maps:18.0.2] AndroidManifest.xml:26:5-28:35
63        android:glEsVersion="0x00020000"
63-->[com.google.android.gms:play-services-maps:18.0.2] AndroidManifest.xml:27:9-41
64        android:required="true" />
64-->[com.google.android.gms:play-services-maps:18.0.2] AndroidManifest.xml:28:9-32
65
66    <uses-permission android:name="com.google.android.finsky.permission.BIND_GET_INSTALL_REFERRER_SERVICE" />
66-->[com.google.android.gms:play-services-measurement:21.1.0] AndroidManifest.xml:26:5-110
66-->[com.google.android.gms:play-services-measurement:21.1.0] AndroidManifest.xml:26:22-107
67
68    <application
69        android:name="android.app.Application"
70        android:appComponentFactory="androidx.core.app.CoreComponentFactory"
70-->[androidx.core:core:1.8.0] AndroidManifest.xml:24:18-86
71        android:debuggable="true"
72        android:icon="@mipmap/ic_launcher"
73        android:label="dune" >
74        <activity
75            android:name="com.example.dune.MainActivity"
76            android:configChanges="orientation|keyboardHidden|keyboard|screenSize|smallestScreenSize|locale|layoutDirection|fontScale|screenLayout|density|uiMode"
77            android:exported="true"
78            android:hardwareAccelerated="true"
79            android:launchMode="singleTop"
80            android:theme="@style/LaunchTheme"
81            android:windowSoftInputMode="adjustResize" >
82
83            <!--
84                 Specifies an Android theme to apply to this Activity as soon as
85                 the Android process has started. This theme is visible to the user
86                 while the Flutter UI initializes. After that, this theme continues
87                 to determine the Window background behind the Flutter UI.
88            -->
89            <meta-data
90                android:name="io.flutter.embedding.android.NormalTheme"
91                android:resource="@style/NormalTheme" />
92
93            <intent-filter>
94                <action android:name="android.intent.action.MAIN" />
94-->[com.razorpay:checkout:1.6.19] AndroidManifest.xml:30:13-65
94-->[com.razorpay:checkout:1.6.19] AndroidManifest.xml:30:21-62
95
96                <category android:name="android.intent.category.LAUNCHER" />
97            </intent-filter>
98        </activity>
99        <!--
100             Don't delete the meta-data below.
101             This is used by the Flutter tool to generate GeneratedPluginRegistrant.java
102        -->
103        <meta-data
104            android:name="flutterEmbedding"
105            android:value="2" />
106        <meta-data
107            android:name="com.google.android.geo.API_KEY"
108            android:value="AIzaSyB6JXw7RP4kzEjMXL7Ro1YjLLQXEwROOi4" />
109
110        <provider
110-->[:image_picker_android] AndroidManifest.xml:8:9-16:20
111            android:name="io.flutter.plugins.imagepicker.ImagePickerFileProvider"
111-->[:image_picker_android] AndroidManifest.xml:9:13-82
112            android:authorities="com.example.dune.flutter.image_provider"
112-->[:image_picker_android] AndroidManifest.xml:10:13-74
113            android:exported="false"
113-->[:image_picker_android] AndroidManifest.xml:11:13-37
114            android:grantUriPermissions="true" >
114-->[:image_picker_android] AndroidManifest.xml:12:13-47
115            <meta-data
115-->[:image_picker_android] AndroidManifest.xml:13:13-15:75
116                android:name="android.support.FILE_PROVIDER_PATHS"
116-->[:image_picker_android] AndroidManifest.xml:14:17-67
117                android:resource="@xml/flutter_image_picker_file_paths" />
117-->[:image_picker_android] AndroidManifest.xml:15:17-72
118        </provider>
119
120        <service
120-->[:firebase_messaging] AndroidManifest.xml:12:9-15:72
121            android:name="io.flutter.plugins.firebase.messaging.FlutterFirebaseMessagingBackgroundService"
121-->[:firebase_messaging] AndroidManifest.xml:13:13-107
122            android:exported="false"
122-->[:firebase_messaging] AndroidManifest.xml:14:13-37
123            android:permission="android.permission.BIND_JOB_SERVICE" />
123-->[:firebase_messaging] AndroidManifest.xml:15:13-69
124        <service
124-->[:firebase_messaging] AndroidManifest.xml:16:9-22:19
125            android:name="io.flutter.plugins.firebase.messaging.FlutterFirebaseMessagingService"
125-->[:firebase_messaging] AndroidManifest.xml:17:13-97
126            android:exported="false" >
126-->[:firebase_messaging] AndroidManifest.xml:18:13-37
127            <intent-filter>
127-->[:firebase_messaging] AndroidManifest.xml:19:13-21:29
128                <action android:name="com.google.firebase.MESSAGING_EVENT" />
128-->[:firebase_messaging] AndroidManifest.xml:20:17-78
128-->[:firebase_messaging] AndroidManifest.xml:20:25-75
129            </intent-filter>
130        </service>
131
132        <receiver
132-->[:firebase_messaging] AndroidManifest.xml:24:9-31:20
133            android:name="io.flutter.plugins.firebase.messaging.FlutterFirebaseMessagingReceiver"
133-->[:firebase_messaging] AndroidManifest.xml:25:13-98
134            android:exported="true"
134-->[:firebase_messaging] AndroidManifest.xml:26:13-36
135            android:permission="com.google.android.c2dm.permission.SEND" >
135-->[:firebase_messaging] AndroidManifest.xml:27:13-73
136            <intent-filter>
136-->[:firebase_messaging] AndroidManifest.xml:28:13-30:29
137                <action android:name="com.google.android.c2dm.intent.RECEIVE" />
137-->[:firebase_messaging] AndroidManifest.xml:29:17-81
137-->[:firebase_messaging] AndroidManifest.xml:29:25-78
138            </intent-filter>
139        </receiver>
140
141        <service
141-->[:firebase_messaging] AndroidManifest.xml:33:9-37:19
142            android:name="com.google.firebase.components.ComponentDiscoveryService"
142-->[:firebase_messaging] AndroidManifest.xml:33:18-89
143            android:directBootAware="true"
143-->[com.google.firebase:firebase-common:20.1.1] AndroidManifest.xml:35:13-43
144            android:exported="false" >
144-->[com.google.firebase:firebase-auth:21.0.6] AndroidManifest.xml:66:13-37
145            <meta-data
145-->[:firebase_messaging] AndroidManifest.xml:34:13-36:85
146                android:name="com.google.firebase.components:io.flutter.plugins.firebase.messaging.FlutterFirebaseAppRegistrar"
146-->[:firebase_messaging] AndroidManifest.xml:35:17-128
147                android:value="com.google.firebase.components.ComponentRegistrar" />
147-->[:firebase_messaging] AndroidManifest.xml:36:17-82
148            <meta-data
148-->[:firebase_auth] AndroidManifest.xml:9:13-11:85
149                android:name="com.google.firebase.components:io.flutter.plugins.firebase.auth.FlutterFirebaseAuthRegistrar"
149-->[:firebase_auth] AndroidManifest.xml:10:17-124
150                android:value="com.google.firebase.components.ComponentRegistrar" />
150-->[:firebase_auth] AndroidManifest.xml:11:17-82
151            <meta-data
151-->[:firebase_core] AndroidManifest.xml:9:13-11:85
152                android:name="com.google.firebase.components:io.flutter.plugins.firebase.core.FlutterFirebaseCoreRegistrar"
152-->[:firebase_core] AndroidManifest.xml:10:17-124
153                android:value="com.google.firebase.components.ComponentRegistrar" />
153-->[:firebase_core] AndroidManifest.xml:11:17-82
154            <meta-data
154-->[com.google.firebase:firebase-auth:21.0.6] AndroidManifest.xml:67:13-69:85
155                android:name="com.google.firebase.components:com.google.firebase.auth.FirebaseAuthRegistrar"
155-->[com.google.firebase:firebase-auth:21.0.6] AndroidManifest.xml:68:17-109
156                android:value="com.google.firebase.components.ComponentRegistrar" />
156-->[com.google.firebase:firebase-auth:21.0.6] AndroidManifest.xml:69:17-82
157            <meta-data
157-->[com.google.firebase:firebase-messaging:23.0.6] AndroidManifest.xml:56:13-58:85
158                android:name="com.google.firebase.components:com.google.firebase.messaging.FirebaseMessagingRegistrar"
158-->[com.google.firebase:firebase-messaging:23.0.6] AndroidManifest.xml:57:17-119
159                android:value="com.google.firebase.components.ComponentRegistrar" />
159-->[com.google.firebase:firebase-messaging:23.0.6] AndroidManifest.xml:58:17-82
160            <meta-data
160-->[com.google.firebase:firebase-datatransport:18.1.5] AndroidManifest.xml:28:13-30:85
161                android:name="com.google.firebase.components:com.google.firebase.datatransport.TransportRegistrar"
161-->[com.google.firebase:firebase-datatransport:18.1.5] AndroidManifest.xml:29:17-115
162                android:value="com.google.firebase.components.ComponentRegistrar" />
162-->[com.google.firebase:firebase-datatransport:18.1.5] AndroidManifest.xml:30:17-82
163            <meta-data
163-->[com.google.android.gms:play-services-measurement-api:21.1.0] AndroidManifest.xml:31:13-33:85
164                android:name="com.google.firebase.components:com.google.firebase.analytics.connector.internal.AnalyticsConnectorRegistrar"
164-->[com.google.android.gms:play-services-measurement-api:21.1.0] AndroidManifest.xml:32:17-139
165                android:value="com.google.firebase.components.ComponentRegistrar" />
165-->[com.google.android.gms:play-services-measurement-api:21.1.0] AndroidManifest.xml:33:17-82
166            <meta-data
166-->[com.google.firebase:firebase-installations:17.0.1] AndroidManifest.xml:18:13-20:85
167                android:name="com.google.firebase.components:com.google.firebase.installations.FirebaseInstallationsRegistrar"
167-->[com.google.firebase:firebase-installations:17.0.1] AndroidManifest.xml:19:17-127
168                android:value="com.google.firebase.components.ComponentRegistrar" />
168-->[com.google.firebase:firebase-installations:17.0.1] AndroidManifest.xml:20:17-82
169        </service>
170
171        <provider
171-->[:firebase_messaging] AndroidManifest.xml:39:9-43:38
172            android:name="io.flutter.plugins.firebase.messaging.FlutterFirebaseMessagingInitProvider"
172-->[:firebase_messaging] AndroidManifest.xml:40:13-102
173            android:authorities="com.example.dune.flutterfirebasemessaginginitprovider"
173-->[:firebase_messaging] AndroidManifest.xml:41:13-88
174            android:exported="false"
174-->[:firebase_messaging] AndroidManifest.xml:42:13-37
175            android:initOrder="99" />
175-->[:firebase_messaging] AndroidManifest.xml:43:13-35
176
177        <service
177-->[:location] AndroidManifest.xml:11:9-15:56
178            android:name="com.lyokone.location.FlutterLocationService"
178-->[:location] AndroidManifest.xml:12:13-71
179            android:enabled="true"
179-->[:location] AndroidManifest.xml:13:13-35
180            android:exported="false"
180-->[:location] AndroidManifest.xml:14:13-37
181            android:foregroundServiceType="location" />
181-->[:location] AndroidManifest.xml:15:13-53
182
183        <uses-library
183-->[androidx.window:window:1.0.0-beta04] AndroidManifest.xml:25:9-27:40
184            android:name="androidx.window.extensions"
184-->[androidx.window:window:1.0.0-beta04] AndroidManifest.xml:26:13-54
185            android:required="false" />
185-->[androidx.window:window:1.0.0-beta04] AndroidManifest.xml:27:13-37
186        <uses-library
186-->[androidx.window:window:1.0.0-beta04] AndroidManifest.xml:28:9-30:40
187            android:name="androidx.window.sidecar"
187-->[androidx.window:window:1.0.0-beta04] AndroidManifest.xml:29:13-51
188            android:required="false" />
188-->[androidx.window:window:1.0.0-beta04] AndroidManifest.xml:30:13-37
189
190        <activity
190-->[com.google.firebase:firebase-auth:21.0.6] AndroidManifest.xml:27:9-44:20
191            android:name="com.google.firebase.auth.internal.GenericIdpActivity"
191-->[com.google.firebase:firebase-auth:21.0.6] AndroidManifest.xml:28:13-80
192            android:excludeFromRecents="true"
192-->[com.google.firebase:firebase-auth:21.0.6] AndroidManifest.xml:29:13-46
193            android:exported="true"
193-->[com.google.firebase:firebase-auth:21.0.6] AndroidManifest.xml:30:13-36
194            android:launchMode="singleTask"
194-->[com.google.firebase:firebase-auth:21.0.6] AndroidManifest.xml:31:13-44
195            android:theme="@android:style/Theme.Translucent.NoTitleBar" >
195-->[com.google.firebase:firebase-auth:21.0.6] AndroidManifest.xml:32:13-72
196            <intent-filter>
196-->[com.google.firebase:firebase-auth:21.0.6] AndroidManifest.xml:33:13-43:29
197                <action android:name="android.intent.action.VIEW" />
197-->[com.google.firebase:firebase-auth:21.0.6] AndroidManifest.xml:34:17-69
197-->[com.google.firebase:firebase-auth:21.0.6] AndroidManifest.xml:34:25-66
198
199                <category android:name="android.intent.category.DEFAULT" />
199-->[com.google.firebase:firebase-auth:21.0.6] AndroidManifest.xml:36:17-76
199-->[com.google.firebase:firebase-auth:21.0.6] AndroidManifest.xml:36:27-73
200                <category android:name="android.intent.category.BROWSABLE" />
200-->[com.google.firebase:firebase-auth:21.0.6] AndroidManifest.xml:37:17-78
200-->[com.google.firebase:firebase-auth:21.0.6] AndroidManifest.xml:37:27-75
201
202                <data
202-->[com.google.firebase:firebase-auth:21.0.6] AndroidManifest.xml:39:17-42:51
203                    android:host="firebase.auth"
203-->[com.google.firebase:firebase-auth:21.0.6] AndroidManifest.xml:40:21-49
204                    android:path="/"
204-->[com.google.firebase:firebase-auth:21.0.6] AndroidManifest.xml:41:21-37
205                    android:scheme="genericidp" />
205-->[com.google.firebase:firebase-auth:21.0.6] AndroidManifest.xml:42:21-48
206            </intent-filter>
207        </activity>
208        <activity
208-->[com.google.firebase:firebase-auth:21.0.6] AndroidManifest.xml:45:9-62:20
209            android:name="com.google.firebase.auth.internal.RecaptchaActivity"
209-->[com.google.firebase:firebase-auth:21.0.6] AndroidManifest.xml:46:13-79
210            android:excludeFromRecents="true"
210-->[com.google.firebase:firebase-auth:21.0.6] AndroidManifest.xml:47:13-46
211            android:exported="true"
211-->[com.google.firebase:firebase-auth:21.0.6] AndroidManifest.xml:48:13-36
212            android:launchMode="singleTask"
212-->[com.google.firebase:firebase-auth:21.0.6] AndroidManifest.xml:49:13-44
213            android:theme="@android:style/Theme.Translucent.NoTitleBar" >
213-->[com.google.firebase:firebase-auth:21.0.6] AndroidManifest.xml:50:13-72
214            <intent-filter>
214-->[com.google.firebase:firebase-auth:21.0.6] AndroidManifest.xml:51:13-61:29
215                <action android:name="android.intent.action.VIEW" />
215-->[com.google.firebase:firebase-auth:21.0.6] AndroidManifest.xml:34:17-69
215-->[com.google.firebase:firebase-auth:21.0.6] AndroidManifest.xml:34:25-66
216
217                <category android:name="android.intent.category.DEFAULT" />
217-->[com.google.firebase:firebase-auth:21.0.6] AndroidManifest.xml:36:17-76
217-->[com.google.firebase:firebase-auth:21.0.6] AndroidManifest.xml:36:27-73
218                <category android:name="android.intent.category.BROWSABLE" />
218-->[com.google.firebase:firebase-auth:21.0.6] AndroidManifest.xml:37:17-78
218-->[com.google.firebase:firebase-auth:21.0.6] AndroidManifest.xml:37:27-75
219
220                <data
220-->[com.google.firebase:firebase-auth:21.0.6] AndroidManifest.xml:39:17-42:51
221                    android:host="firebase.auth"
221-->[com.google.firebase:firebase-auth:21.0.6] AndroidManifest.xml:40:21-49
222                    android:path="/"
222-->[com.google.firebase:firebase-auth:21.0.6] AndroidManifest.xml:41:21-37
223                    android:scheme="recaptcha" />
223-->[com.google.firebase:firebase-auth:21.0.6] AndroidManifest.xml:42:21-48
224            </intent-filter>
225        </activity>
226
227        <receiver
227-->[com.google.firebase:firebase-messaging:23.0.6] AndroidManifest.xml:32:9-39:20
228            android:name="com.google.firebase.iid.FirebaseInstanceIdReceiver"
228-->[com.google.firebase:firebase-messaging:23.0.6] AndroidManifest.xml:33:13-78
229            android:exported="true"
229-->[com.google.firebase:firebase-messaging:23.0.6] AndroidManifest.xml:34:13-36
230            android:permission="com.google.android.c2dm.permission.SEND" >
230-->[com.google.firebase:firebase-messaging:23.0.6] AndroidManifest.xml:35:13-73
231            <intent-filter>
231-->[:firebase_messaging] AndroidManifest.xml:28:13-30:29
232                <action android:name="com.google.android.c2dm.intent.RECEIVE" />
232-->[:firebase_messaging] AndroidManifest.xml:29:17-81
232-->[:firebase_messaging] AndroidManifest.xml:29:25-78
233            </intent-filter>
234        </receiver>
235        <!--
236             FirebaseMessagingService performs security checks at runtime,
237             but set to not exported to explicitly avoid allowing another app to call it.
238        -->
239        <service
239-->[com.google.firebase:firebase-messaging:23.0.6] AndroidManifest.xml:45:9-52:19
240            android:name="com.google.firebase.messaging.FirebaseMessagingService"
240-->[com.google.firebase:firebase-messaging:23.0.6] AndroidManifest.xml:46:13-82
241            android:directBootAware="true"
241-->[com.google.firebase:firebase-messaging:23.0.6] AndroidManifest.xml:47:13-43
242            android:exported="false" >
242-->[com.google.firebase:firebase-messaging:23.0.6] AndroidManifest.xml:48:13-37
243            <intent-filter android:priority="-500" >
243-->[:firebase_messaging] AndroidManifest.xml:19:13-21:29
244                <action android:name="com.google.firebase.MESSAGING_EVENT" />
244-->[:firebase_messaging] AndroidManifest.xml:20:17-78
244-->[:firebase_messaging] AndroidManifest.xml:20:25-75
245            </intent-filter>
246        </service>
247        <service
247-->[com.google.android.datatransport:transport-backend-cct:3.1.6] AndroidManifest.xml:29:9-35:19
248            android:name="com.google.android.datatransport.runtime.backends.TransportBackendDiscovery"
248-->[com.google.android.datatransport:transport-backend-cct:3.1.6] AndroidManifest.xml:30:13-103
249            android:exported="false" >
249-->[com.google.android.datatransport:transport-backend-cct:3.1.6] AndroidManifest.xml:31:13-37
250            <meta-data
250-->[com.google.android.datatransport:transport-backend-cct:3.1.6] AndroidManifest.xml:32:13-34:39
251                android:name="backend:com.google.android.datatransport.cct.CctBackendFactory"
251-->[com.google.android.datatransport:transport-backend-cct:3.1.6] AndroidManifest.xml:33:17-94
252                android:value="cct" />
252-->[com.google.android.datatransport:transport-backend-cct:3.1.6] AndroidManifest.xml:34:17-36
253        </service>
254        <service
254-->[com.google.android.datatransport:transport-runtime:3.1.6] AndroidManifest.xml:26:9-30:19
255            android:name="com.google.android.datatransport.runtime.scheduling.jobscheduling.JobInfoSchedulerService"
255-->[com.google.android.datatransport:transport-runtime:3.1.6] AndroidManifest.xml:27:13-117
256            android:exported="false"
256-->[com.google.android.datatransport:transport-runtime:3.1.6] AndroidManifest.xml:28:13-37
257            android:permission="android.permission.BIND_JOB_SERVICE" >
257-->[com.google.android.datatransport:transport-runtime:3.1.6] AndroidManifest.xml:29:13-69
258        </service>
259
260        <receiver
260-->[com.google.android.datatransport:transport-runtime:3.1.6] AndroidManifest.xml:32:9-34:40
261            android:name="com.google.android.datatransport.runtime.scheduling.jobscheduling.AlarmManagerSchedulerBroadcastReceiver"
261-->[com.google.android.datatransport:transport-runtime:3.1.6] AndroidManifest.xml:33:13-132
262            android:exported="false" />
262-->[com.google.android.datatransport:transport-runtime:3.1.6] AndroidManifest.xml:34:13-37
263
264        <provider
264-->[com.google.firebase:firebase-common:20.1.1] AndroidManifest.xml:26:9-31:39
265            android:name="com.google.firebase.provider.FirebaseInitProvider"
265-->[com.google.firebase:firebase-common:20.1.1] AndroidManifest.xml:27:13-77
266            android:authorities="com.example.dune.firebaseinitprovider"
266-->[com.google.firebase:firebase-common:20.1.1] AndroidManifest.xml:28:13-72
267            android:directBootAware="true"
267-->[com.google.firebase:firebase-common:20.1.1] AndroidManifest.xml:29:13-43
268            android:exported="false"
268-->[com.google.firebase:firebase-common:20.1.1] AndroidManifest.xml:30:13-37
269            android:initOrder="100" />
269-->[com.google.firebase:firebase-common:20.1.1] AndroidManifest.xml:31:13-36
270
271        <receiver
271-->[com.razorpay:checkout:1.6.19] AndroidManifest.xml:40:9-46:20
272            android:name="com.razorpay.RzpTokenReceiver"
272-->[com.razorpay:checkout:1.6.19] AndroidManifest.xml:41:13-57
273            android:exported="false" >
273-->[com.razorpay:checkout:1.6.19] AndroidManifest.xml:42:13-37
274            <intent-filter>
274-->[com.razorpay:checkout:1.6.19] AndroidManifest.xml:43:13-45:29
275                <action android:name="rzp.device_token.share" />
275-->[com.razorpay:checkout:1.6.19] AndroidManifest.xml:44:17-65
275-->[com.razorpay:checkout:1.6.19] AndroidManifest.xml:44:25-62
276            </intent-filter>
277        </receiver>
278
279        <activity
279-->[com.razorpay:checkout:1.6.19] AndroidManifest.xml:48:9-60:20
280            android:name="com.razorpay.CheckoutActivity"
280-->[com.razorpay:checkout:1.6.19] AndroidManifest.xml:49:13-57
281            android:configChanges="keyboard|keyboardHidden|orientation|screenSize"
281-->[com.razorpay:checkout:1.6.19] AndroidManifest.xml:50:13-83
282            android:exported="true"
282-->[com.razorpay:checkout:1.6.19] AndroidManifest.xml:51:13-36
283            android:theme="@style/CheckoutTheme" >
283-->[com.razorpay:checkout:1.6.19] AndroidManifest.xml:52:13-49
284            <intent-filter>
284-->[com.razorpay:checkout:1.6.19] AndroidManifest.xml:53:13-59:29
285                <action android:name="android.intent.action.MAIN" />
285-->[com.razorpay:checkout:1.6.19] AndroidManifest.xml:30:13-65
285-->[com.razorpay:checkout:1.6.19] AndroidManifest.xml:30:21-62
286
287                <data
287-->[com.google.firebase:firebase-auth:21.0.6] AndroidManifest.xml:39:17-42:51
288                    android:host="rzp.io"
288-->[com.google.firebase:firebase-auth:21.0.6] AndroidManifest.xml:40:21-49
289                    android:scheme="io.rzp" />
289-->[com.google.firebase:firebase-auth:21.0.6] AndroidManifest.xml:42:21-48
290            </intent-filter>
291        </activity>
292
293        <meta-data
293-->[com.razorpay:checkout:1.6.19] AndroidManifest.xml:62:9-64:58
294            android:name="com.razorpay.plugin.googlepay_all"
294-->[com.razorpay:checkout:1.6.19] AndroidManifest.xml:63:13-61
295            android:value="com.razorpay.RzpGpayMerged" />
295-->[com.razorpay:checkout:1.6.19] AndroidManifest.xml:64:13-55
296
297        <activity
297-->[com.google.android.gms:play-services-auth:19.2.0] AndroidManifest.xml:23:9-27:75
298            android:name="com.google.android.gms.auth.api.signin.internal.SignInHubActivity"
298-->[com.google.android.gms:play-services-auth:19.2.0] AndroidManifest.xml:24:13-93
299            android:excludeFromRecents="true"
299-->[com.google.android.gms:play-services-auth:19.2.0] AndroidManifest.xml:25:13-46
300            android:exported="false"
300-->[com.google.android.gms:play-services-auth:19.2.0] AndroidManifest.xml:26:13-37
301            android:theme="@android:style/Theme.Translucent.NoTitleBar" />